<?xml version="1.0" encoding="UTF-8"?>
<TestRun id="763982ad-ace4-4560-bfa1-5feca14a098b" name="Admin@10266A-GEN-DEV 2022-07-20 07:29:49" runUser="10266A-GEN-DEV\Admin" xmlns="http://microsoft.com/schemas/VisualStudio/TeamTest/2010">
  <TestSettings name="Local" id="63150442-023f-4362-ac0f-2805b5a9e2b5">
    <Description>These are default test settings for a local test run.</Description>
    <Deployment enabled="false" runDeploymentRoot="Admin_10266A-GEN-DEV 2022-07-20 07_29_49">
      <DeploymentItem filename="E:\Labfiles\Lab 7\Ex2\Starter\StressTest\bin\Debug\StressTest.dll" />
    </Deployment>
    <Execution>
      <TestTypeSpecific />
      <AgentRule name="Execution Agents">
      </AgentRule>
    </Execution>
  </TestSettings>
  <Times creation="2022-07-20T07:29:49.7372653-07:00" queuing="2022-07-20T07:29:49.9179294-07:00" start="2022-07-20T07:29:49.9491794-07:00" finish="2022-07-20T07:29:50.0888278-07:00" />
  <ResultSummary outcome="Completed">
    <Counters total="9" executed="9" passed="9" error="0" failed="0" timeout="0" aborted="0" inconclusive="0" passedButRunAborted="0" notRunnable="0" notExecuted="0" disconnected="0" warning="0" completed="0" inProgress="0" pending="0" />
  </ResultSummary>
  <TestDefinitions>
    <UnitTest name="GetStressTestResultTest1" storage="e:\labfiles\lab 7\ex2\starter\stresstest unit test project\bin\debug\module 7 unit test project.dll" id="dc2ceaab-ef7a-cc9d-2cca-25e168dab36d">
      <Execution id="acd8cae0-e668-4778-a55d-b084e4b38bca" />
      <TestMethod codeBase="E:/Labfiles/Lab 7/Ex2/Starter/StressTest Unit Test Project/bin/Debug/Module 7 Unit Test Project.DLL" adapterTypeName="Microsoft.VisualStudio.TestTools.TestTypes.Unit.UnitTestAdapter, Microsoft.VisualStudio.QualityTools.Tips.UnitTest.Adapter, Version=10.0.0.0, Culture=neutral, PublicKeyToken=b03f5f7f11d50a3a" className="StressTests_Unit_Test_Project.StressTestCaseTest, Module 7 Unit Test Project, Version=1.0.0.0, Culture=neutral, PublicKeyToken=null" name="GetStressTestResultTest1" />
    </UnitTest>
    <UnitTest name="IncrementTestsTest" storage="e:\labfiles\lab 7\ex2\starter\stresstest unit test project\bin\debug\module 7 unit test project.dll" id="b0bbc1cd-3a19-4e77-46f6-513c8c6c7a78">
      <Execution id="461292b1-5ad4-460f-aab9-8fa32213908b" />
      <TestMethod codeBase="E:/Labfiles/Lab 7/Ex2/Starter/StressTest Unit Test Project/bin/Debug/Module 7 Unit Test Project.DLL" adapterTypeName="Microsoft.VisualStudio.TestTools.TestTypes.Unit.UnitTestAdapter, Microsoft.VisualStudio.QualityTools.Tips.UnitTest.Adapter, Version=10.0.0.0, Culture=neutral, PublicKeyToken=b03f5f7f11d50a3a" className="StressTests_Unit_Test_Project.StressTestCase_TestStatisticsTest, Module 7 Unit Test Project, Version=1.0.0.0, Culture=neutral, PublicKeyToken=null" name="IncrementTestsTest" />
    </UnitTest>
    <UnitTest name="PerformStressTestTest" storage="e:\labfiles\lab 7\ex2\starter\stresstest unit test project\bin\debug\module 7 unit test project.dll" id="70ae57c7-d038-7d7d-6df9-662a9e2eccf2">
      <Execution id="4a17be03-91ec-4b6e-aad6-f856a6ac0e25" />
      <TestMethod codeBase="E:/Labfiles/Lab 7/Ex2/Starter/StressTest Unit Test Project/bin/Debug/Module 7 Unit Test Project.DLL" adapterTypeName="Microsoft.VisualStudio.TestTools.TestTypes.Unit.UnitTestAdapter, Microsoft.VisualStudio.QualityTools.Tips.UnitTest.Adapter, Version=10.0.0.0, Culture=neutral, PublicKeyToken=b03f5f7f11d50a3a" className="StressTests_Unit_Test_Project.StressTestCaseTest, Module 7 Unit Test Project, Version=1.0.0.0, Culture=neutral, PublicKeyToken=null" name="PerformStressTestTest" />
    </UnitTest>
    <UnitTest name="GetStressTestResultTest2" storage="e:\labfiles\lab 7\ex2\starter\stresstest unit test project\bin\debug\module 7 unit test project.dll" id="dc3c367e-afcc-bfbf-5de6-7f409a5f19b9">
      <Execution id="b8c4a497-2eec-4ca3-9ca7-81350b6b2deb" />
      <TestMethod codeBase="E:/Labfiles/Lab 7/Ex2/Starter/StressTest Unit Test Project/bin/Debug/Module 7 Unit Test Project.DLL" adapterTypeName="Microsoft.VisualStudio.TestTools.TestTypes.Unit.UnitTestAdapter, Microsoft.VisualStudio.QualityTools.Tips.UnitTest.Adapter, Version=10.0.0.0, Culture=neutral, PublicKeyToken=b03f5f7f11d50a3a" className="StressTests_Unit_Test_Project.StressTestCaseTest, Module 7 Unit Test Project, Version=1.0.0.0, Culture=neutral, PublicKeyToken=null" name="GetStressTestResultTest2" />
    </UnitTest>
    <UnitTest name="StressTestCaseConstructorTest1" storage="e:\labfiles\lab 7\ex2\starter\stresstest unit test project\bin\debug\module 7 unit test project.dll" id="f70fc7f2-2889-1a4a-6c2b-231756f3c6d0">
      <Execution id="a208f2c2-9d93-4915-8a9e-b7ade3ac2070" />
      <TestMethod codeBase="E:/Labfiles/Lab 7/Ex2/Starter/StressTest Unit Test Project/bin/Debug/Module 7 Unit Test Project.DLL" adapterTypeName="Microsoft.VisualStudio.TestTools.TestTypes.Unit.UnitTestAdapter, Microsoft.VisualStudio.QualityTools.Tips.UnitTest.Adapter, Version=10.0.0.0, Culture=neutral, PublicKeyToken=b03f5f7f11d50a3a" className="StressTests_Unit_Test_Project.StressTestCaseTest, Module 7 Unit Test Project, Version=1.0.0.0, Culture=neutral, PublicKeyToken=null" name="StressTestCaseConstructorTest1" />
    </UnitTest>
    <UnitTest name="GetNumberOfFailuresTest" storage="e:\labfiles\lab 7\ex2\starter\stresstest unit test project\bin\debug\module 7 unit test project.dll" id="73880309-9d43-4408-35a2-c1c47dccca49">
      <Execution id="6121f8ad-dbdf-479f-bc9b-e2b08c3fec12" />
      <TestMethod codeBase="E:/Labfiles/Lab 7/Ex2/Starter/StressTest Unit Test Project/bin/Debug/Module 7 Unit Test Project.DLL" adapterTypeName="Microsoft.VisualStudio.TestTools.TestTypes.Unit.UnitTestAdapter, Microsoft.VisualStudio.QualityTools.Tips.UnitTest.Adapter, Version=10.0.0.0, Culture=neutral, PublicKeyToken=b03f5f7f11d50a3a" className="StressTests_Unit_Test_Project.StressTestCase_TestStatisticsTest, Module 7 Unit Test Project, Version=1.0.0.0, Culture=neutral, PublicKeyToken=null" name="GetNumberOfFailuresTest" />
    </UnitTest>
    <UnitTest name="ToStringTest" storage="e:\labfiles\lab 7\ex2\starter\stresstest unit test project\bin\debug\module 7 unit test project.dll" id="88dddc01-b6a3-92c3-1d4c-cc8c52876537">
      <Execution id="6bd93392-0a8f-4be4-9ca5-7ee3f3657702" />
      <TestMethod codeBase="E:/Labfiles/Lab 7/Ex2/Starter/StressTest Unit Test Project/bin/Debug/Module 7 Unit Test Project.DLL" adapterTypeName="Microsoft.VisualStudio.TestTools.TestTypes.Unit.UnitTestAdapter, Microsoft.VisualStudio.QualityTools.Tips.UnitTest.Adapter, Version=10.0.0.0, Culture=neutral, PublicKeyToken=b03f5f7f11d50a3a" className="StressTests_Unit_Test_Project.StressTestCaseTest, Module 7 Unit Test Project, Version=1.0.0.0, Culture=neutral, PublicKeyToken=null" name="ToStringTest" />
    </UnitTest>
    <UnitTest name="GetNumberOfTestsPerformedTest" storage="e:\labfiles\lab 7\ex2\starter\stresstest unit test project\bin\debug\module 7 unit test project.dll" id="5701310d-d264-40e2-ce25-5834e0e15b23">
      <Execution id="ff72e305-a5f2-4ae5-a9bb-c330fad548bb" />
      <TestMethod codeBase="E:/Labfiles/Lab 7/Ex2/Starter/StressTest Unit Test Project/bin/Debug/Module 7 Unit Test Project.DLL" adapterTypeName="Microsoft.VisualStudio.TestTools.TestTypes.Unit.UnitTestAdapter, Microsoft.VisualStudio.QualityTools.Tips.UnitTest.Adapter, Version=10.0.0.0, Culture=neutral, PublicKeyToken=b03f5f7f11d50a3a" className="StressTests_Unit_Test_Project.StressTestCase_TestStatisticsTest, Module 7 Unit Test Project, Version=1.0.0.0, Culture=neutral, PublicKeyToken=null" name="GetNumberOfTestsPerformedTest" />
    </UnitTest>
    <UnitTest name="StressTestCaseConstructorTest" storage="e:\labfiles\lab 7\ex2\starter\stresstest unit test project\bin\debug\module 7 unit test project.dll" id="e09a9013-a6fb-3b11-e1ee-b6cfc1f50662">
      <Execution id="880a0ef7-46c3-415a-85e1-1fe5ad2ef4ea" />
      <TestMethod codeBase="E:/Labfiles/Lab 7/Ex2/Starter/StressTest Unit Test Project/bin/Debug/Module 7 Unit Test Project.DLL" adapterTypeName="Microsoft.VisualStudio.TestTools.TestTypes.Unit.UnitTestAdapter, Microsoft.VisualStudio.QualityTools.Tips.UnitTest.Adapter, Version=10.0.0.0, Culture=neutral, PublicKeyToken=b03f5f7f11d50a3a" className="StressTests_Unit_Test_Project.StressTestCaseTest, Module 7 Unit Test Project, Version=1.0.0.0, Culture=neutral, PublicKeyToken=null" name="StressTestCaseConstructorTest" />
    </UnitTest>
  </TestDefinitions>
  <TestLists>
    <TestList name="Results Not in a List" id="8c84fa94-04c1-424b-9868-57a2d4851a1d" />
    <TestList name="All Loaded Results" id="19431567-8539-422a-85d7-44ee4e166bda" />
  </TestLists>
  <TestEntries>
    <TestEntry testId="5701310d-d264-40e2-ce25-5834e0e15b23" executionId="ff72e305-a5f2-4ae5-a9bb-c330fad548bb" testListId="8c84fa94-04c1-424b-9868-57a2d4851a1d" />
    <TestEntry testId="70ae57c7-d038-7d7d-6df9-662a9e2eccf2" executionId="4a17be03-91ec-4b6e-aad6-f856a6ac0e25" testListId="8c84fa94-04c1-424b-9868-57a2d4851a1d" />
    <TestEntry testId="73880309-9d43-4408-35a2-c1c47dccca49" executionId="6121f8ad-dbdf-479f-bc9b-e2b08c3fec12" testListId="8c84fa94-04c1-424b-9868-57a2d4851a1d" />
    <TestEntry testId="88dddc01-b6a3-92c3-1d4c-cc8c52876537" executionId="6bd93392-0a8f-4be4-9ca5-7ee3f3657702" testListId="8c84fa94-04c1-424b-9868-57a2d4851a1d" />
    <TestEntry testId="b0bbc1cd-3a19-4e77-46f6-513c8c6c7a78" executionId="461292b1-5ad4-460f-aab9-8fa32213908b" testListId="8c84fa94-04c1-424b-9868-57a2d4851a1d" />
    <TestEntry testId="dc2ceaab-ef7a-cc9d-2cca-25e168dab36d" executionId="acd8cae0-e668-4778-a55d-b084e4b38bca" testListId="8c84fa94-04c1-424b-9868-57a2d4851a1d" />
    <TestEntry testId="dc3c367e-afcc-bfbf-5de6-7f409a5f19b9" executionId="b8c4a497-2eec-4ca3-9ca7-81350b6b2deb" testListId="8c84fa94-04c1-424b-9868-57a2d4851a1d" />
    <TestEntry testId="e09a9013-a6fb-3b11-e1ee-b6cfc1f50662" executionId="880a0ef7-46c3-415a-85e1-1fe5ad2ef4ea" testListId="8c84fa94-04c1-424b-9868-57a2d4851a1d" />
    <TestEntry testId="f70fc7f2-2889-1a4a-6c2b-231756f3c6d0" executionId="a208f2c2-9d93-4915-8a9e-b7ade3ac2070" testListId="8c84fa94-04c1-424b-9868-57a2d4851a1d" />
  </TestEntries>
  <Results>
    <UnitTestResult executionId="ff72e305-a5f2-4ae5-a9bb-c330fad548bb" testId="5701310d-d264-40e2-ce25-5834e0e15b23" testName="GetNumberOfTestsPerformedTest" computerName="10266A-GEN-DEV" duration="00:00:00.0081492" startTime="2022-07-20T07:29:49.9511325-07:00" endTime="2022-07-20T07:29:50.0536716-07:00" testType="13cdc9d9-ddb5-4fa4-a97d-d965ccfc6d4b" outcome="Passed" testListId="8c84fa94-04c1-424b-9868-57a2d4851a1d" relativeResultsDirectory="ff72e305-a5f2-4ae5-a9bb-c330fad548bb">
    </UnitTestResult>
    <UnitTestResult executionId="4a17be03-91ec-4b6e-aad6-f856a6ac0e25" testId="70ae57c7-d038-7d7d-6df9-662a9e2eccf2" testName="PerformStressTestTest" computerName="10266A-GEN-DEV" duration="00:00:00.0008631" startTime="2022-07-20T07:29:50.0566013-07:00" endTime="2022-07-20T07:29:50.0595310-07:00" testType="13cdc9d9-ddb5-4fa4-a97d-d965ccfc6d4b" outcome="Passed" testListId="8c84fa94-04c1-424b-9868-57a2d4851a1d" relativeResultsDirectory="4a17be03-91ec-4b6e-aad6-f856a6ac0e25">
    </UnitTestResult>
    <UnitTestResult executionId="6121f8ad-dbdf-479f-bc9b-e2b08c3fec12" testId="73880309-9d43-4408-35a2-c1c47dccca49" testName="GetNumberOfFailuresTest" computerName="10266A-GEN-DEV" duration="00:00:00.0001190" startTime="2022-07-20T07:29:50.0605075-07:00" endTime="2022-07-20T07:29:50.0624606-07:00" testType="13cdc9d9-ddb5-4fa4-a97d-d965ccfc6d4b" outcome="Passed" testListId="8c84fa94-04c1-424b-9868-57a2d4851a1d" relativeResultsDirectory="6121f8ad-dbdf-479f-bc9b-e2b08c3fec12">
    </UnitTestResult>
    <UnitTestResult executionId="6bd93392-0a8f-4be4-9ca5-7ee3f3657702" testId="88dddc01-b6a3-92c3-1d4c-cc8c52876537" testName="ToStringTest" computerName="10266A-GEN-DEV" duration="00:00:00.0003275" startTime="2022-07-20T07:29:50.0624606-07:00" endTime="2022-07-20T07:29:50.0634372-07:00" testType="13cdc9d9-ddb5-4fa4-a97d-d965ccfc6d4b" outcome="Passed" testListId="8c84fa94-04c1-424b-9868-57a2d4851a1d" relativeResultsDirectory="6bd93392-0a8f-4be4-9ca5-7ee3f3657702">
    </UnitTestResult>
    <UnitTestResult executionId="461292b1-5ad4-460f-aab9-8fa32213908b" testId="b0bbc1cd-3a19-4e77-46f6-513c8c6c7a78" testName="IncrementTestsTest" computerName="10266A-GEN-DEV" duration="00:00:00.0000903" startTime="2022-07-20T07:29:50.0653903-07:00" endTime="2022-07-20T07:29:50.0673435-07:00" testType="13cdc9d9-ddb5-4fa4-a97d-d965ccfc6d4b" outcome="Passed" testListId="8c84fa94-04c1-424b-9868-57a2d4851a1d" relativeResultsDirectory="461292b1-5ad4-460f-aab9-8fa32213908b">
    </UnitTestResult>
    <UnitTestResult executionId="acd8cae0-e668-4778-a55d-b084e4b38bca" testId="dc2ceaab-ef7a-cc9d-2cca-25e168dab36d" testName="GetStressTestResultTest1" computerName="10266A-GEN-DEV" duration="00:00:00.0000864" startTime="2022-07-20T07:29:50.0673435-07:00" endTime="2022-07-20T07:29:50.0692966-07:00" testType="13cdc9d9-ddb5-4fa4-a97d-d965ccfc6d4b" outcome="Passed" testListId="8c84fa94-04c1-424b-9868-57a2d4851a1d" relativeResultsDirectory="acd8cae0-e668-4778-a55d-b084e4b38bca">
    </UnitTestResult>
    <UnitTestResult executionId="b8c4a497-2eec-4ca3-9ca7-81350b6b2deb" testId="dc3c367e-afcc-bfbf-5de6-7f409a5f19b9" testName="GetStressTestResultTest2" computerName="10266A-GEN-DEV" duration="00:00:00.0001006" startTime="2022-07-20T07:29:50.0692966-07:00" endTime="2022-07-20T07:29:50.0722263-07:00" testType="13cdc9d9-ddb5-4fa4-a97d-d965ccfc6d4b" outcome="Passed" testListId="8c84fa94-04c1-424b-9868-57a2d4851a1d" relativeResultsDirectory="b8c4a497-2eec-4ca3-9ca7-81350b6b2deb">
    </UnitTestResult>
    <UnitTestResult executionId="880a0ef7-46c3-415a-85e1-1fe5ad2ef4ea" testId="e09a9013-a6fb-3b11-e1ee-b6cfc1f50662" testName="StressTestCaseConstructorTest" computerName="10266A-GEN-DEV" duration="00:00:00.0001074" startTime="2022-07-20T07:29:50.0722263-07:00" endTime="2022-07-20T07:29:50.0732028-07:00" testType="13cdc9d9-ddb5-4fa4-a97d-d965ccfc6d4b" outcome="Passed" testListId="8c84fa94-04c1-424b-9868-57a2d4851a1d" relativeResultsDirectory="880a0ef7-46c3-415a-85e1-1fe5ad2ef4ea">
    </UnitTestResult>
    <UnitTestResult executionId="a208f2c2-9d93-4915-8a9e-b7ade3ac2070" testId="f70fc7f2-2889-1a4a-6c2b-231756f3c6d0" testName="StressTestCaseConstructorTest1" computerName="10266A-GEN-DEV" duration="00:00:00.0000907" startTime="2022-07-20T07:29:50.0751560-07:00" endTime="2022-07-20T07:29:50.0771091-07:00" testType="13cdc9d9-ddb5-4fa4-a97d-d965ccfc6d4b" outcome="Passed" testListId="8c84fa94-04c1-424b-9868-57a2d4851a1d" relativeResultsDirectory="a208f2c2-9d93-4915-8a9e-b7ade3ac2070">
    </UnitTestResult>
  </Results>
</TestRun>